<?xml version="1.0" encoding="UTF-8"?>
<testsuite name="com.example.bookstore.BookstoreApplicationTests" tests="1" skipped="0" failures="0" errors="0" timestamp="2023-04-03T18:02:10" hostname="YiningdeMacBook-Air.local" time="0.148">
  <properties/>
  <testcase name="contextLoads()" classname="com.example.bookstore.BookstoreApplicationTests" time="0.148"/>
  <system-out><![CDATA[14:02:09.577 [Test worker] DEBUG org.springframework.test.context.BootstrapUtils - Instantiating CacheAwareContextLoaderDelegate from class [org.springframework.test.context.cache.DefaultCacheAwareContextLoaderDelegate]
14:02:09.581 [Test worker] DEBUG org.springframework.test.context.BootstrapUtils - Instantiating BootstrapContext using constructor [public org.springframework.test.context.support.DefaultBootstrapContext(java.lang.Class,org.springframework.test.context.CacheAwareContextLoaderDelegate)]
14:02:09.596 [Test worker] DEBUG org.springframework.test.context.BootstrapUtils - Instantiating TestContextBootstrapper for test class [com.example.bookstore.BookstoreApplicationTests] from class [org.springframework.boot.test.context.SpringBootTestContextBootstrapper]
14:02:09.601 [Test worker] INFO org.springframework.boot.test.context.SpringBootTestContextBootstrapper - Neither @ContextConfiguration nor @ContextHierarchy found for test class [com.example.bookstore.BookstoreApplicationTests], using SpringBootContextLoader
14:02:09.602 [Test worker] DEBUG org.springframework.test.context.support.AbstractContextLoader - Did not detect default resource location for test class [com.example.bookstore.BookstoreApplicationTests]: class path resource [com/example/bookstore/BookstoreApplicationTests-context.xml] does not exist
14:02:09.602 [Test worker] DEBUG org.springframework.test.context.support.AbstractContextLoader - Did not detect default resource location for test class [com.example.bookstore.BookstoreApplicationTests]: class path resource [com/example/bookstore/BookstoreApplicationTestsContext.groovy] does not exist
14:02:09.602 [Test worker] INFO org.springframework.test.context.support.AbstractContextLoader - Could not detect default resource locations for test class [com.example.bookstore.BookstoreApplicationTests]: no resource found for suffixes {-context.xml, Context.groovy}.
14:02:09.602 [Test worker] INFO org.springframework.test.context.support.AnnotationConfigContextLoaderUtils - Could not detect default configuration classes for test class [com.example.bookstore.BookstoreApplicationTests]: BookstoreApplicationTests does not declare any static, non-private, non-final, nested classes annotated with @Configuration.
14:02:09.617 [Test worker] DEBUG org.springframework.test.context.support.ActiveProfilesUtils - Could not find an 'annotation declaring class' for annotation type [org.springframework.test.context.ActiveProfiles] and class [com.example.bookstore.BookstoreApplicationTests]
14:02:09.636 [Test worker] DEBUG org.springframework.context.annotation.ClassPathScanningCandidateComponentProvider - Identified candidate component class: file [/Users/bobtheball/Desktop/myProjects/bookstoreProject/bookstore/build/classes/java/main/com/example/bookstore/BookstoreApplication.class]
14:02:09.636 [Test worker] INFO org.springframework.boot.test.context.SpringBootTestContextBootstrapper - Found @SpringBootConfiguration com.example.bookstore.BookstoreApplication for test class com.example.bookstore.BookstoreApplicationTests
14:02:09.675 [Test worker] DEBUG org.springframework.boot.test.context.SpringBootTestContextBootstrapper - @TestExecutionListeners is not present for class [com.example.bookstore.BookstoreApplicationTests]: using defaults.
14:02:09.676 [Test worker] INFO org.springframework.boot.test.context.SpringBootTestContextBootstrapper - Loaded default TestExecutionListener class names from location [META-INF/spring.factories]: [org.springframework.boot.test.autoconfigure.restdocs.RestDocsTestExecutionListener, org.springframework.boot.test.autoconfigure.web.client.MockRestServiceServerResetTestExecutionListener, org.springframework.boot.test.autoconfigure.web.servlet.MockMvcPrintOnlyOnFailureTestExecutionListener, org.springframework.boot.test.autoconfigure.web.servlet.WebDriverTestExecutionListener, org.springframework.boot.test.autoconfigure.webservices.client.MockWebServiceServerTestExecutionListener, org.springframework.boot.test.mock.mockito.MockitoTestExecutionListener, org.springframework.boot.test.mock.mockito.ResetMocksTestExecutionListener, org.springframework.test.context.web.ServletTestExecutionListener, org.springframework.test.context.support.DirtiesContextBeforeModesTestExecutionListener, org.springframework.test.context.event.ApplicationEventsTestExecutionListener, org.springframework.test.context.support.DependencyInjectionTestExecutionListener, org.springframework.test.context.support.DirtiesContextTestExecutionListener, org.springframework.test.context.transaction.TransactionalTestExecutionListener, org.springframework.test.context.jdbc.SqlScriptsTestExecutionListener, org.springframework.test.context.event.EventPublishingTestExecutionListener]
14:02:09.683 [Test worker] DEBUG org.springframework.boot.test.context.SpringBootTestContextBootstrapper - Skipping candidate TestExecutionListener [org.springframework.test.context.transaction.TransactionalTestExecutionListener] due to a missing dependency. Specify custom listener classes or make the default listener classes and their required dependencies available. Offending class: [org/springframework/transaction/TransactionDefinition]
14:02:09.683 [Test worker] DEBUG org.springframework.boot.test.context.SpringBootTestContextBootstrapper - Skipping candidate TestExecutionListener [org.springframework.test.context.jdbc.SqlScriptsTestExecutionListener] due to a missing dependency. Specify custom listener classes or make the default listener classes and their required dependencies available. Offending class: [org/springframework/transaction/interceptor/TransactionAttribute]
14:02:09.683 [Test worker] INFO org.springframework.boot.test.context.SpringBootTestContextBootstrapper - Using TestExecutionListeners: [org.springframework.test.context.web.ServletTestExecutionListener@40bffbca, org.springframework.test.context.support.DirtiesContextBeforeModesTestExecutionListener@2449cff7, org.springframework.test.context.event.ApplicationEventsTestExecutionListener@42a9a63e, org.springframework.boot.test.mock.mockito.MockitoTestExecutionListener@62da83ed, org.springframework.boot.test.autoconfigure.SpringBootDependencyInjectionTestExecutionListener@5d8445d7, org.springframework.test.context.support.DirtiesContextTestExecutionListener@37d80fe7, org.springframework.test.context.event.EventPublishingTestExecutionListener@384fc774, org.springframework.boot.test.autoconfigure.restdocs.RestDocsTestExecutionListener@e3cee7b, org.springframework.boot.test.autoconfigure.web.client.MockRestServiceServerResetTestExecutionListener@71e9a896, org.springframework.boot.test.autoconfigure.web.servlet.MockMvcPrintOnlyOnFailureTestExecutionListener@6b9267b, org.springframework.boot.test.autoconfigure.web.servlet.WebDriverTestExecutionListener@408b35bf, org.springframework.boot.test.autoconfigure.webservices.client.MockWebServiceServerTestExecutionListener@29ad44e3, org.springframework.boot.test.mock.mockito.ResetMocksTestExecutionListener@15bcf458]
14:02:09.685 [Test worker] DEBUG org.springframework.test.context.support.AbstractDirtiesContextTestExecutionListener - Before test class: context [DefaultTestContext@1827a871 testClass = BookstoreApplicationTests, testInstance = [null], testMethod = [null], testException = [null], mergedContextConfiguration = [WebMergedContextConfiguration@48e64352 testClass = BookstoreApplicationTests, locations = '{}', classes = '{class com.example.bookstore.BookstoreApplication}', contextInitializerClasses = '[]', activeProfiles = '{}', propertySourceLocations = '{}', propertySourceProperties = '{org.springframework.boot.test.context.SpringBootTestContextBootstrapper=true}', contextCustomizers = set[org.springframework.boot.test.autoconfigure.actuate.metrics.MetricsExportContextCustomizerFactory$DisableMetricExportContextCustomizer@7ec3394b, org.springframework.boot.test.autoconfigure.properties.PropertyMappingContextCustomizer@0, org.springframework.boot.test.autoconfigure.web.servlet.WebDriverContextCustomizerFactory$Customizer@1c6804cd, org.springframework.boot.test.context.filter.ExcludeFilterContextCustomizer@3eeb318f, org.springframework.boot.test.json.DuplicateJsonObjectContextCustomizerFactory$DuplicateJsonObjectContextCustomizer@20f12539, org.springframework.boot.test.mock.mockito.MockitoContextCustomizer@0, org.springframework.boot.test.web.client.TestRestTemplateContextCustomizer@478ee483, org.springframework.boot.test.context.SpringBootTestArgs@1, org.springframework.boot.test.context.SpringBootTestWebEnvironment@32115b28], resourceBasePath = 'src/main/webapp', contextLoader = 'org.springframework.boot.test.context.SpringBootContextLoader', parent = [null]], attributes = map['org.springframework.test.context.web.ServletTestExecutionListener.activateListener' -> true]], class annotated with @DirtiesContext [false] with mode [null].

  .   ____          _            __ _ _
 /\\ / ___'_ __ _ _(_)_ __  __ _ \ \ \ \
( ( )\___ | '_ | '_| | '_ \/ _` | \ \ \ \
 \\/  ___)| |_)| | | | | || (_| |  ) ) ) )
  '  |____| .__|_| |_|_| |_\__, | / / / /
 =========|_|==============|___/=/_/_/_/
 :: Spring Boot ::               (v2.7.10)

2023-04-03 14:02:10.019  INFO 72834 --- [    Test worker] c.e.bookstore.BookstoreApplicationTests  : Starting BookstoreApplicationTests using Java 11.0.18 on YiningdeMacBook-Air.local with PID 72834 (started by bobtheball in /Users/bobtheball/Desktop/myProjects/bookstoreProject/bookstore)
2023-04-03 14:02:10.020  INFO 72834 --- [    Test worker] c.e.bookstore.BookstoreApplicationTests  : No active profile set, falling back to 1 default profile: "default"
2023-04-03 14:02:10.515  INFO 72834 --- [    Test worker] c.e.bookstore.BookstoreApplicationTests  : Started BookstoreApplicationTests in 0.815 seconds (JVM running for 1.274)
]]></system-out>
  <system-err><![CDATA[]]></system-err>
</testsuite>
